{"/Users/robinlifshitz/Desktop/HackReactor/fecMain/fec-reviews/client/components/App.jsx": {"path":"/Users/robinlifshitz/Desktop/HackReactor/fecMain/fec-reviews/client/components/App.jsx","statementMap":{"0":{"start":{"line":11,"column":16},"end":{"line":19,"column":1}},"1":{"start":{"line":23,"column":4},"end":{"line":23,"column":17}},"2":{"start":{"line":25,"column":4},"end":{"line":28,"column":6}},"3":{"start":{"line":30,"column":4},"end":{"line":30,"column":57}},"4":{"start":{"line":31,"column":4},"end":{"line":31,"column":53}},"5":{"start":{"line":36,"column":4},"end":{"line":48,"column":38}},"6":{"start":{"line":38,"column":8},"end":{"line":46,"column":9}},"7":{"start":{"line":42,"column":10},"end":{"line":45,"column":13}},"8":{"start":{"line":48,"column":24},"end":{"line":48,"column":34}},"9":{"start":{"line":52,"column":4},"end":{"line":54,"column":6}},"10":{"start":{"line":58,"column":18},"end":{"line":58,"column":20}},"11":{"start":{"line":59,"column":24},"end":{"line":59,"column":34}},"12":{"start":{"line":61,"column":4},"end":{"line":66,"column":5}},"13":{"start":{"line":62,"column":6},"end":{"line":64,"column":9}},"14":{"start":{"line":63,"column":8},"end":{"line":63,"column":33}},"15":{"start":{"line":65,"column":6},"end":{"line":65,"column":19}},"16":{"start":{"line":67,"column":4},"end":{"line":67,"column":13}},"17":{"start":{"line":74,"column":4},"end":{"line":81,"column":5}},"18":{"start":{"line":75,"column":6},"end":{"line":80,"column":8}},"19":{"start":{"line":83,"column":4},"end":{"line":85,"column":7}}},"fnMap":{"0":{"name":"(anonymous_0)","decl":{"start":{"line":22,"column":2},"end":{"line":22,"column":3}},"loc":{"start":{"line":22,"column":21},"end":{"line":32,"column":3}},"line":22},"1":{"name":"(anonymous_1)","decl":{"start":{"line":34,"column":2},"end":{"line":34,"column":3}},"loc":{"start":{"line":34,"column":22},"end":{"line":49,"column":3}},"line":34},"2":{"name":"(anonymous_2)","decl":{"start":{"line":37,"column":12},"end":{"line":37,"column":13}},"loc":{"start":{"line":37,"column":25},"end":{"line":47,"column":7}},"line":37},"3":{"name":"(anonymous_3)","decl":{"start":{"line":48,"column":13},"end":{"line":48,"column":14}},"loc":{"start":{"line":48,"column":22},"end":{"line":48,"column":36}},"line":48},"4":{"name":"(anonymous_4)","decl":{"start":{"line":51,"column":2},"end":{"line":51,"column":3}},"loc":{"start":{"line":51,"column":21},"end":{"line":55,"column":3}},"line":51},"5":{"name":"(anonymous_5)","decl":{"start":{"line":57,"column":2},"end":{"line":57,"column":3}},"loc":{"start":{"line":57,"column":19},"end":{"line":68,"column":3}},"line":57},"6":{"name":"(anonymous_6)","decl":{"start":{"line":62,"column":22},"end":{"line":62,"column":23}},"loc":{"start":{"line":62,"column":34},"end":{"line":64,"column":7}},"line":62},"7":{"name":"(anonymous_7)","decl":{"start":{"line":72,"column":2},"end":{"line":72,"column":3}},"loc":{"start":{"line":72,"column":11},"end":{"line":87,"column":3}},"line":72}},"branchMap":{"0":{"loc":{"start":{"line":38,"column":8},"end":{"line":46,"column":9}},"type":"if","locations":[{"start":{"line":38,"column":8},"end":{"line":46,"column":9}},{"start":{"line":38,"column":8},"end":{"line":46,"column":9}}],"line":38},"1":{"loc":{"start":{"line":61,"column":4},"end":{"line":66,"column":5}},"type":"if","locations":[{"start":{"line":61,"column":4},"end":{"line":66,"column":5}},{"start":{"line":61,"column":4},"end":{"line":66,"column":5}}],"line":61},"2":{"loc":{"start":{"line":61,"column":8},"end":{"line":61,"column":37}},"type":"binary-expr","locations":[{"start":{"line":61,"column":8},"end":{"line":61,"column":15}},{"start":{"line":61,"column":19},"end":{"line":61,"column":37}}],"line":61},"3":{"loc":{"start":{"line":74,"column":4},"end":{"line":81,"column":5}},"type":"if","locations":[{"start":{"line":74,"column":4},"end":{"line":81,"column":5}},{"start":{"line":74,"column":4},"end":{"line":81,"column":5}}],"line":74},"4":{"loc":{"start":{"line":74,"column":9},"end":{"line":74,"column":60}},"type":"binary-expr","locations":[{"start":{"line":74,"column":9},"end":{"line":74,"column":27}},{"start":{"line":74,"column":31},"end":{"line":74,"column":60}}],"line":74}},"s":{"0":1,"1":1,"2":1,"3":1,"4":1,"5":1,"6":0,"7":0,"8":0,"9":0,"10":0,"11":0,"12":0,"13":0,"14":0,"15":0,"16":0,"17":1,"18":0,"19":1},"f":{"0":1,"1":1,"2":0,"3":0,"4":0,"5":0,"6":0,"7":1},"b":{"0":[0,0],"1":[0,0],"2":[0,0],"3":[0,1],"4":[1,1]},"_coverageSchema":"1a1c01bbd47fc00a2c39e90264f33305004495a9","hash":"d0ebf246410164af8103e7c45b294a7d1a28d388"}
,"/Users/robinlifshitz/Desktop/HackReactor/fecMain/fec-reviews/client/components/Review.jsx": {"path":"/Users/robinlifshitz/Desktop/HackReactor/fecMain/fec-reviews/client/components/Review.jsx","statementMap":{"0":{"start":{"line":6,"column":13},"end":{"line":10,"column":49}},"1":{"start":{"line":12,"column":14},"end":{"line":17,"column":1}},"2":{"start":{"line":19,"column":13},"end":{"line":21,"column":1}},"3":{"start":{"line":23,"column":20},"end":{"line":27,"column":49}},"4":{"start":{"line":29,"column":15},"end":{"line":56,"column":1}},"5":{"start":{"line":58,"column":24},"end":{"line":61,"column":1}},"6":{"start":{"line":63,"column":17},"end":{"line":65,"column":1}},"7":{"start":{"line":67,"column":18},"end":{"line":69,"column":1}},"8":{"start":{"line":74,"column":4},"end":{"line":74,"column":17}},"9":{"start":{"line":76,"column":4},"end":{"line":78,"column":5}},"10":{"start":{"line":80,"column":4},"end":{"line":80,"column":51}},"11":{"start":{"line":81,"column":4},"end":{"line":81,"column":51}},"12":{"start":{"line":85,"column":22},"end":{"line":85,"column":43}},"13":{"start":{"line":86,"column":4},"end":{"line":86,"column":35}},"14":{"start":{"line":90,"column":20},"end":{"line":90,"column":34}},"15":{"start":{"line":91,"column":16},"end":{"line":91,"column":18}},"16":{"start":{"line":92,"column":4},"end":{"line":94,"column":5}},"17":{"start":{"line":92,"column":16},"end":{"line":92,"column":17}},"18":{"start":{"line":93,"column":6},"end":{"line":93,"column":87}},"19":{"start":{"line":95,"column":4},"end":{"line":97,"column":5}},"20":{"start":{"line":95,"column":16},"end":{"line":95,"column":17}},"21":{"start":{"line":96,"column":6},"end":{"line":96,"column":107}},"22":{"start":{"line":99,"column":4},"end":{"line":99,"column":17}},"23":{"start":{"line":103,"column":19},"end":{"line":103,"column":41}},"24":{"start":{"line":104,"column":4},"end":{"line":104,"column":34}},"25":{"start":{"line":105,"column":4},"end":{"line":105,"column":36}},"26":{"start":{"line":111,"column":73},"end":{"line":111,"column":94}},"27":{"start":{"line":112,"column":21},"end":{"line":112,"column":56}},"28":{"start":{"line":113,"column":22},"end":{"line":113,"column":32}},"29":{"start":{"line":114,"column":4},"end":{"line":123,"column":5}}},"fnMap":{"0":{"name":"(anonymous_0)","decl":{"start":{"line":73,"column":2},"end":{"line":73,"column":3}},"loc":{"start":{"line":73,"column":20},"end":{"line":82,"column":3}},"line":73},"1":{"name":"(anonymous_1)","decl":{"start":{"line":84,"column":2},"end":{"line":84,"column":3}},"loc":{"start":{"line":84,"column":21},"end":{"line":87,"column":3}},"line":84},"2":{"name":"(anonymous_2)","decl":{"start":{"line":89,"column":2},"end":{"line":89,"column":3}},"loc":{"start":{"line":89,"column":25},"end":{"line":100,"column":3}},"line":89},"3":{"name":"(anonymous_3)","decl":{"start":{"line":102,"column":2},"end":{"line":102,"column":3}},"loc":{"start":{"line":102,"column":15},"end":{"line":106,"column":3}},"line":102},"4":{"name":"(anonymous_4)","decl":{"start":{"line":110,"column":2},"end":{"line":110,"column":3}},"loc":{"start":{"line":110,"column":10},"end":{"line":124,"column":3}},"line":110}},"branchMap":{},"s":{"0":2,"1":2,"2":2,"3":2,"4":2,"5":2,"6":2,"7":2,"8":1,"9":1,"10":1,"11":1,"12":1,"13":1,"14":2,"15":2,"16":2,"17":2,"18":6,"19":2,"20":2,"21":4,"22":2,"23":0,"24":0,"25":0,"26":2,"27":2,"28":2,"29":2},"f":{"0":1,"1":1,"2":2,"3":0,"4":2},"b":{},"_coverageSchema":"1a1c01bbd47fc00a2c39e90264f33305004495a9","hash":"f572e77c3b36d33a06214632c65e7bd6889e3e80"}
,"/Users/robinlifshitz/Desktop/HackReactor/fecMain/fec-reviews/client/components/ReviewHead.jsx": {"path":"/Users/robinlifshitz/Desktop/HackReactor/fecMain/fec-reviews/client/components/ReviewHead.jsx","statementMap":{"0":{"start":{"line":7,"column":16},"end":{"line":10,"column":1}},"1":{"start":{"line":12,"column":14},"end":{"line":17,"column":1}},"2":{"start":{"line":19,"column":13},"end":{"line":28,"column":1}},"3":{"start":{"line":30,"column":13},"end":{"line":33,"column":1}},"4":{"start":{"line":35,"column":15},"end":{"line":63,"column":1}},"5":{"start":{"line":65,"column":17},"end":{"line":67,"column":1}},"6":{"start":{"line":69,"column":17},"end":{"line":71,"column":1}},"7":{"start":{"line":73,"column":18},"end":{"line":75,"column":1}},"8":{"start":{"line":77,"column":15},"end":{"line":80,"column":1}},"9":{"start":{"line":82,"column":22},"end":{"line":84,"column":1}},"10":{"start":{"line":86,"column":19},"end":{"line":94,"column":1}},"11":{"start":{"line":96,"column":16},"end":{"line":105,"column":1}},"12":{"start":{"line":107,"column":10},"end":{"line":109,"column":1}},"13":{"start":{"line":114,"column":4},"end":{"line":114,"column":17}},"14":{"start":{"line":116,"column":4},"end":{"line":118,"column":6}},"15":{"start":{"line":120,"column":4},"end":{"line":120,"column":49}},"16":{"start":{"line":121,"column":4},"end":{"line":121,"column":53}},"17":{"start":{"line":122,"column":4},"end":{"line":122,"column":59}},"18":{"start":{"line":126,"column":27},"end":{"line":126,"column":37}},"19":{"start":{"line":127,"column":16},"end":{"line":127,"column":26}},"20":{"start":{"line":128,"column":4},"end":{"line":132,"column":5}},"21":{"start":{"line":129,"column":18},"end":{"line":129,"column":45}},"22":{"start":{"line":129,"column":39},"end":{"line":129,"column":44}},"23":{"start":{"line":130,"column":18},"end":{"line":130,"column":34}},"24":{"start":{"line":131,"column":6},"end":{"line":131,"column":17}},"25":{"start":{"line":134,"column":4},"end":{"line":134,"column":13}},"26":{"start":{"line":138,"column":18},"end":{"line":138,"column":20}},"27":{"start":{"line":139,"column":20},"end":{"line":139,"column":35}},"28":{"start":{"line":140,"column":4},"end":{"line":142,"column":5}},"29":{"start":{"line":140,"column":17},"end":{"line":140,"column":18}},"30":{"start":{"line":141,"column":6},"end":{"line":141,"column":80}},"31":{"start":{"line":143,"column":4},"end":{"line":145,"column":5}},"32":{"start":{"line":144,"column":6},"end":{"line":144,"column":87}},"33":{"start":{"line":146,"column":22},"end":{"line":146,"column":38}},"34":{"start":{"line":147,"column":4},"end":{"line":149,"column":5}},"35":{"start":{"line":147,"column":17},"end":{"line":147,"column":18}},"36":{"start":{"line":148,"column":6},"end":{"line":148,"column":109}},"37":{"start":{"line":151,"column":4},"end":{"line":151,"column":17}},"38":{"start":{"line":155,"column":25},"end":{"line":155,"column":35}},"39":{"start":{"line":156,"column":4},"end":{"line":156,"column":43}},"40":{"start":{"line":157,"column":4},"end":{"line":157,"column":27}},"41":{"start":{"line":161,"column":25},"end":{"line":161,"column":35}},"42":{"start":{"line":162,"column":24},"end":{"line":162,"column":34}},"43":{"start":{"line":163,"column":4},"end":{"line":173,"column":5}},"44":{"start":{"line":164,"column":6},"end":{"line":172,"column":8}},"45":{"start":{"line":175,"column":4},"end":{"line":182,"column":6}},"46":{"start":{"line":186,"column":25},"end":{"line":186,"column":35}},"47":{"start":{"line":187,"column":4},"end":{"line":206,"column":6}}},"fnMap":{"0":{"name":"(anonymous_0)","decl":{"start":{"line":113,"column":2},"end":{"line":113,"column":3}},"loc":{"start":{"line":113,"column":21},"end":{"line":123,"column":3}},"line":113},"1":{"name":"(anonymous_1)","decl":{"start":{"line":125,"column":2},"end":{"line":125,"column":3}},"loc":{"start":{"line":125,"column":15},"end":{"line":135,"column":3}},"line":125},"2":{"name":"(anonymous_2)","decl":{"start":{"line":129,"column":29},"end":{"line":129,"column":30}},"loc":{"start":{"line":129,"column":39},"end":{"line":129,"column":44}},"line":129},"3":{"name":"(anonymous_3)","decl":{"start":{"line":137,"column":2},"end":{"line":137,"column":3}},"loc":{"start":{"line":137,"column":19},"end":{"line":152,"column":3}},"line":137},"4":{"name":"(anonymous_4)","decl":{"start":{"line":154,"column":2},"end":{"line":154,"column":3}},"loc":{"start":{"line":154,"column":17},"end":{"line":158,"column":3}},"line":154},"5":{"name":"(anonymous_5)","decl":{"start":{"line":160,"column":2},"end":{"line":160,"column":3}},"loc":{"start":{"line":160,"column":20},"end":{"line":183,"column":3}},"line":160},"6":{"name":"(anonymous_6)","decl":{"start":{"line":185,"column":2},"end":{"line":185,"column":3}},"loc":{"start":{"line":185,"column":11},"end":{"line":207,"column":3}},"line":185}},"branchMap":{"0":{"loc":{"start":{"line":128,"column":4},"end":{"line":132,"column":5}},"type":"if","locations":[{"start":{"line":128,"column":4},"end":{"line":132,"column":5}},{"start":{"line":128,"column":4},"end":{"line":132,"column":5}}],"line":128},"1":{"loc":{"start":{"line":143,"column":4},"end":{"line":145,"column":5}},"type":"if","locations":[{"start":{"line":143,"column":4},"end":{"line":145,"column":5}},{"start":{"line":143,"column":4},"end":{"line":145,"column":5}}],"line":143},"2":{"loc":{"start":{"line":163,"column":4},"end":{"line":173,"column":5}},"type":"if","locations":[{"start":{"line":163,"column":4},"end":{"line":173,"column":5}},{"start":{"line":163,"column":4},"end":{"line":173,"column":5}}],"line":163}},"s":{"0":1,"1":1,"2":1,"3":1,"4":1,"5":1,"6":1,"7":1,"8":1,"9":1,"10":1,"11":1,"12":1,"13":0,"14":0,"15":0,"16":0,"17":0,"18":0,"19":0,"20":0,"21":0,"22":0,"23":0,"24":0,"25":0,"26":0,"27":0,"28":0,"29":0,"30":0,"31":0,"32":0,"33":0,"34":0,"35":0,"36":0,"37":0,"38":0,"39":0,"40":0,"41":0,"42":0,"43":0,"44":0,"45":0,"46":0,"47":0},"f":{"0":0,"1":0,"2":0,"3":0,"4":0,"5":0,"6":0},"b":{"0":[0,0],"1":[0,0],"2":[0,0]},"_coverageSchema":"1a1c01bbd47fc00a2c39e90264f33305004495a9","hash":"60b6c5aa0bc342508bd5f25ef6446803d2ca1a1b"}
,"/Users/robinlifshitz/Desktop/HackReactor/fecMain/fec-reviews/client/components/ReviewList.jsx": {"path":"/Users/robinlifshitz/Desktop/HackReactor/fecMain/fec-reviews/client/components/ReviewList.jsx","statementMap":{"0":{"start":{"line":9,"column":19},"end":{"line":12,"column":1}},"1":{"start":{"line":16,"column":4},"end":{"line":16,"column":17}},"2":{"start":{"line":17,"column":4},"end":{"line":17,"column":63}},"3":{"start":{"line":18,"column":4},"end":{"line":18,"column":51}},"4":{"start":{"line":22,"column":21},"end":{"line":22,"column":23}},"5":{"start":{"line":23,"column":15},"end":{"line":23,"column":37}},"6":{"start":{"line":24,"column":4},"end":{"line":26,"column":5}},"7":{"start":{"line":25,"column":6},"end":{"line":25,"column":38}},"8":{"start":{"line":30,"column":4},"end":{"line":48,"column":4}},"9":{"start":{"line":32,"column":8},"end":{"line":45,"column":9}},"10":{"start":{"line":33,"column":10},"end":{"line":38,"column":11}},"11":{"start":{"line":40,"column":10},"end":{"line":44,"column":11}},"12":{"start":{"line":53,"column":23},"end":{"line":53,"column":33}},"13":{"start":{"line":54,"column":4},"end":{"line":64,"column":5}},"14":{"start":{"line":55,"column":26},"end":{"line":55,"column":54}},"15":{"start":{"line":56,"column":6},"end":{"line":56,"column":49}},"16":{"start":{"line":57,"column":11},"end":{"line":64,"column":5}},"17":{"start":{"line":58,"column":27},"end":{"line":58,"column":56}},"18":{"start":{"line":60,"column":6},"end":{"line":60,"column":50}},"19":{"start":{"line":61,"column":11},"end":{"line":64,"column":5}},"20":{"start":{"line":62,"column":25},"end":{"line":62,"column":52}},"21":{"start":{"line":63,"column":6},"end":{"line":63,"column":48}},"22":{"start":{"line":68,"column":27},"end":{"line":68,"column":37}},"23":{"start":{"line":69,"column":21},"end":{"line":88,"column":5}},"24":{"start":{"line":75,"column":8},"end":{"line":84,"column":14}},"25":{"start":{"line":90,"column":4},"end":{"line":98,"column":5}}},"fnMap":{"0":{"name":"(anonymous_0)","decl":{"start":{"line":15,"column":2},"end":{"line":15,"column":3}},"loc":{"start":{"line":15,"column":20},"end":{"line":19,"column":3}},"line":15},"1":{"name":"(anonymous_1)","decl":{"start":{"line":21,"column":2},"end":{"line":21,"column":3}},"loc":{"start":{"line":21,"column":32},"end":{"line":49,"column":3}},"line":21},"2":{"name":"(anonymous_2)","decl":{"start":{"line":31,"column":19},"end":{"line":31,"column":20}},"loc":{"start":{"line":31,"column":44},"end":{"line":47,"column":7}},"line":31},"3":{"name":"(anonymous_3)","decl":{"start":{"line":51,"column":2},"end":{"line":51,"column":3}},"loc":{"start":{"line":51,"column":30},"end":{"line":65,"column":3}},"line":51},"4":{"name":"(anonymous_4)","decl":{"start":{"line":67,"column":2},"end":{"line":67,"column":3}},"loc":{"start":{"line":67,"column":10},"end":{"line":99,"column":3}},"line":67},"5":{"name":"(anonymous_5)","decl":{"start":{"line":74,"column":20},"end":{"line":74,"column":21}},"loc":{"start":{"line":75,"column":8},"end":{"line":84,"column":14}},"line":75}},"branchMap":{"0":{"loc":{"start":{"line":32,"column":8},"end":{"line":45,"column":9}},"type":"if","locations":[{"start":{"line":32,"column":8},"end":{"line":45,"column":9}},{"start":{"line":32,"column":8},"end":{"line":45,"column":9}}],"line":32},"1":{"loc":{"start":{"line":54,"column":4},"end":{"line":64,"column":5}},"type":"if","locations":[{"start":{"line":54,"column":4},"end":{"line":64,"column":5}},{"start":{"line":54,"column":4},"end":{"line":64,"column":5}}],"line":54},"2":{"loc":{"start":{"line":54,"column":8},"end":{"line":54,"column":55}},"type":"binary-expr","locations":[{"start":{"line":54,"column":8},"end":{"line":54,"column":33}},{"start":{"line":54,"column":37},"end":{"line":54,"column":55}}],"line":54},"3":{"loc":{"start":{"line":57,"column":11},"end":{"line":64,"column":5}},"type":"if","locations":[{"start":{"line":57,"column":11},"end":{"line":64,"column":5}},{"start":{"line":57,"column":11},"end":{"line":64,"column":5}}],"line":57},"4":{"loc":{"start":{"line":57,"column":15},"end":{"line":57,"column":59}},"type":"binary-expr","locations":[{"start":{"line":57,"column":15},"end":{"line":57,"column":37}},{"start":{"line":57,"column":41},"end":{"line":57,"column":59}}],"line":57},"5":{"loc":{"start":{"line":61,"column":11},"end":{"line":64,"column":5}},"type":"if","locations":[{"start":{"line":61,"column":11},"end":{"line":64,"column":5}},{"start":{"line":61,"column":11},"end":{"line":64,"column":5}}],"line":61},"6":{"loc":{"start":{"line":61,"column":16},"end":{"line":61,"column":62}},"type":"binary-expr","locations":[{"start":{"line":61,"column":16},"end":{"line":61,"column":40}},{"start":{"line":61,"column":44},"end":{"line":61,"column":62}}],"line":61},"7":{"loc":{"start":{"line":94,"column":12},"end":{"line":94,"column":92}},"type":"cond-expr","locations":[{"start":{"line":94,"column":25},"end":{"line":94,"column":69}},{"start":{"line":94,"column":72},"end":{"line":94,"column":92}}],"line":94}},"s":{"0":1,"1":0,"2":0,"3":0,"4":0,"5":0,"6":0,"7":0,"8":0,"9":0,"10":0,"11":0,"12":0,"13":0,"14":0,"15":0,"16":0,"17":0,"18":0,"19":0,"20":0,"21":0,"22":0,"23":0,"24":0,"25":0},"f":{"0":0,"1":0,"2":0,"3":0,"4":0,"5":0},"b":{"0":[0,0],"1":[0,0],"2":[0,0],"3":[0,0],"4":[0,0],"5":[0,0],"6":[0,0],"7":[0,0]},"_coverageSchema":"1a1c01bbd47fc00a2c39e90264f33305004495a9","hash":"20ff2540a28be0b45b0e875d7d0c712d49af339b"}
,"/Users/robinlifshitz/Desktop/HackReactor/fecMain/fec-reviews/client/components/SortDropDown.jsx": {"path":"/Users/robinlifshitz/Desktop/HackReactor/fecMain/fec-reviews/client/components/SortDropDown.jsx","statementMap":{"0":{"start":{"line":5,"column":22},"end":{"line":14,"column":1}},"1":{"start":{"line":16,"column":17},"end":{"line":24,"column":1}},"2":{"start":{"line":25,"column":11},"end":{"line":29,"column":1}},"3":{"start":{"line":30,"column":11},"end":{"line":34,"column":1}},"4":{"start":{"line":35,"column":11},"end":{"line":39,"column":1}},"5":{"start":{"line":43,"column":4},"end":{"line":43,"column":17}},"6":{"start":{"line":47,"column":24},"end":{"line":47,"column":34}},"7":{"start":{"line":48,"column":4},"end":{"line":56,"column":5}},"8":{"start":{"line":51,"column":29},"end":{"line":51,"column":43}},"9":{"start":{"line":52,"column":29},"end":{"line":52,"column":43}},"10":{"start":{"line":53,"column":29},"end":{"line":53,"column":43}}},"fnMap":{"0":{"name":"(anonymous_0)","decl":{"start":{"line":42,"column":2},"end":{"line":42,"column":3}},"loc":{"start":{"line":42,"column":20},"end":{"line":44,"column":3}},"line":42},"1":{"name":"(anonymous_1)","decl":{"start":{"line":46,"column":2},"end":{"line":46,"column":3}},"loc":{"start":{"line":46,"column":10},"end":{"line":57,"column":3}},"line":46},"2":{"name":"(anonymous_2)","decl":{"start":{"line":51,"column":23},"end":{"line":51,"column":24}},"loc":{"start":{"line":51,"column":29},"end":{"line":51,"column":43}},"line":51},"3":{"name":"(anonymous_3)","decl":{"start":{"line":52,"column":23},"end":{"line":52,"column":24}},"loc":{"start":{"line":52,"column":29},"end":{"line":52,"column":43}},"line":52},"4":{"name":"(anonymous_4)","decl":{"start":{"line":53,"column":23},"end":{"line":53,"column":24}},"loc":{"start":{"line":53,"column":29},"end":{"line":53,"column":43}},"line":53}},"branchMap":{},"s":{"0":1,"1":1,"2":1,"3":1,"4":1,"5":0,"6":0,"7":0,"8":0,"9":0,"10":0},"f":{"0":0,"1":0,"2":0,"3":0,"4":0},"b":{},"_coverageSchema":"1a1c01bbd47fc00a2c39e90264f33305004495a9","hash":"cd13c20e5d65bf37cebe2e9c9ee7df97436b8422"}
,"/Users/robinlifshitz/Desktop/HackReactor/fecMain/fec-reviews/client/components/ReactSlick/Arrows.jsx": {"path":"/Users/robinlifshitz/Desktop/HackReactor/fecMain/fec-reviews/client/components/ReactSlick/Arrows.jsx","statementMap":{"0":{"start":{"line":6,"column":14},"end":{"line":8,"column":1}},"1":{"start":{"line":11,"column":40},"end":{"line":11,"column":45}},"2":{"start":{"line":12,"column":2},"end":{"line":20,"column":4}},"3":{"start":{"line":24,"column":40},"end":{"line":24,"column":45}},"4":{"start":{"line":25,"column":2},"end":{"line":40,"column":4}}},"fnMap":{"0":{"name":"SampleNextArrow","decl":{"start":{"line":10,"column":9},"end":{"line":10,"column":24}},"loc":{"start":{"line":10,"column":32},"end":{"line":21,"column":1}},"line":10},"1":{"name":"SamplePrevArrow","decl":{"start":{"line":23,"column":9},"end":{"line":23,"column":24}},"loc":{"start":{"line":23,"column":32},"end":{"line":41,"column":1}},"line":23}},"branchMap":{},"s":{"0":1,"1":0,"2":0,"3":0,"4":0},"f":{"0":0,"1":0},"b":{},"_coverageSchema":"1a1c01bbd47fc00a2c39e90264f33305004495a9","hash":"637fddab218177c96b9d36dff4902585b1858ec9"}
,"/Users/robinlifshitz/Desktop/HackReactor/fecMain/fec-reviews/tests/helpers.js": {"path":"/Users/robinlifshitz/Desktop/HackReactor/fecMain/fec-reviews/tests/helpers.js","statementMap":{"0":{"start":{"line":1,"column":14},"end":{"line":1,"column":30}},"1":{"start":{"line":3,"column":16},"end":{"line":7,"column":1}},"2":{"start":{"line":4,"column":22},"end":{"line":6,"column":24}},"3":{"start":{"line":5,"column":24},"end":{"line":5,"column":37}},"4":{"start":{"line":6,"column":20},"end":{"line":6,"column":23}},"5":{"start":{"line":9,"column":0},"end":{"line":9,"column":25}}},"fnMap":{"0":{"name":"(anonymous_0)","decl":{"start":{"line":4,"column":16},"end":{"line":4,"column":17}},"loc":{"start":{"line":4,"column":22},"end":{"line":6,"column":24}},"line":4},"1":{"name":"(anonymous_1)","decl":{"start":{"line":5,"column":10},"end":{"line":5,"column":11}},"loc":{"start":{"line":5,"column":24},"end":{"line":5,"column":37}},"line":5},"2":{"name":"(anonymous_2)","decl":{"start":{"line":6,"column":11},"end":{"line":6,"column":12}},"loc":{"start":{"line":6,"column":20},"end":{"line":6,"column":23}},"line":6}},"branchMap":{},"s":{"0":1,"1":1,"2":1,"3":0,"4":1,"5":1},"f":{"0":1,"1":0,"2":1},"b":{},"_coverageSchema":"1a1c01bbd47fc00a2c39e90264f33305004495a9","hash":"0965486ede00ae458b02986bce2477e9cdd7e4b7"}
,"/Users/robinlifshitz/Desktop/HackReactor/fecMain/fec-reviews/util/sortFunctions.js": {"path":"/Users/robinlifshitz/Desktop/HackReactor/fecMain/fec-reviews/util/sortFunctions.js","statementMap":{"0":{"start":{"line":3,"column":0},"end":{"line":3,"column":18}},"1":{"start":{"line":5,"column":16},"end":{"line":46,"column":1}},"2":{"start":{"line":9,"column":23},"end":{"line":9,"column":24}},"3":{"start":{"line":10,"column":19},"end":{"line":10,"column":26}},"4":{"start":{"line":11,"column":19},"end":{"line":11,"column":26}},"5":{"start":{"line":12,"column":6},"end":{"line":16,"column":7}},"6":{"start":{"line":13,"column":8},"end":{"line":13,"column":23}},"7":{"start":{"line":14,"column":13},"end":{"line":16,"column":7}},"8":{"start":{"line":15,"column":8},"end":{"line":15,"column":24}},"9":{"start":{"line":17,"column":6},"end":{"line":17,"column":24}},"10":{"start":{"line":19,"column":4},"end":{"line":19,"column":29}},"11":{"start":{"line":24,"column":23},"end":{"line":24,"column":24}},"12":{"start":{"line":25,"column":19},"end":{"line":25,"column":26}},"13":{"start":{"line":26,"column":19},"end":{"line":26,"column":26}},"14":{"start":{"line":27,"column":6},"end":{"line":31,"column":7}},"15":{"start":{"line":28,"column":8},"end":{"line":28,"column":28}},"16":{"start":{"line":29,"column":13},"end":{"line":31,"column":7}},"17":{"start":{"line":30,"column":8},"end":{"line":30,"column":29}},"18":{"start":{"line":32,"column":6},"end":{"line":32,"column":24}},"19":{"start":{"line":34,"column":4},"end":{"line":34,"column":29}},"20":{"start":{"line":38,"column":29},"end":{"line":42,"column":6}},"21":{"start":{"line":39,"column":6},"end":{"line":39,"column":31}},"22":{"start":{"line":40,"column":6},"end":{"line":40,"column":31}},"23":{"start":{"line":41,"column":6},"end":{"line":41,"column":19}},"24":{"start":{"line":43,"column":4},"end":{"line":43,"column":28}}},"fnMap":{"0":{"name":"(anonymous_0)","decl":{"start":{"line":7,"column":15},"end":{"line":7,"column":16}},"loc":{"start":{"line":7,"column":24},"end":{"line":20,"column":3}},"line":7},"1":{"name":"compare","decl":{"start":{"line":8,"column":13},"end":{"line":8,"column":20}},"loc":{"start":{"line":8,"column":27},"end":{"line":18,"column":5}},"line":8},"2":{"name":"(anonymous_2)","decl":{"start":{"line":22,"column":16},"end":{"line":22,"column":17}},"loc":{"start":{"line":22,"column":25},"end":{"line":35,"column":3}},"line":22},"3":{"name":"compare","decl":{"start":{"line":23,"column":13},"end":{"line":23,"column":20}},"loc":{"start":{"line":23,"column":27},"end":{"line":33,"column":5}},"line":23},"4":{"name":"(anonymous_4)","decl":{"start":{"line":37,"column":14},"end":{"line":37,"column":15}},"loc":{"start":{"line":37,"column":23},"end":{"line":44,"column":3}},"line":37},"5":{"name":"(anonymous_5)","decl":{"start":{"line":38,"column":46},"end":{"line":38,"column":47}},"loc":{"start":{"line":38,"column":56},"end":{"line":42,"column":5}},"line":38}},"branchMap":{"0":{"loc":{"start":{"line":12,"column":6},"end":{"line":16,"column":7}},"type":"if","locations":[{"start":{"line":12,"column":6},"end":{"line":16,"column":7}},{"start":{"line":12,"column":6},"end":{"line":16,"column":7}}],"line":12},"1":{"loc":{"start":{"line":14,"column":13},"end":{"line":16,"column":7}},"type":"if","locations":[{"start":{"line":14,"column":13},"end":{"line":16,"column":7}},{"start":{"line":14,"column":13},"end":{"line":16,"column":7}}],"line":14},"2":{"loc":{"start":{"line":27,"column":6},"end":{"line":31,"column":7}},"type":"if","locations":[{"start":{"line":27,"column":6},"end":{"line":31,"column":7}},{"start":{"line":27,"column":6},"end":{"line":31,"column":7}}],"line":27},"3":{"loc":{"start":{"line":29,"column":13},"end":{"line":31,"column":7}},"type":"if","locations":[{"start":{"line":29,"column":13},"end":{"line":31,"column":7}},{"start":{"line":29,"column":13},"end":{"line":31,"column":7}}],"line":29}},"s":{"0":2,"1":2,"2":16,"3":16,"4":16,"5":16,"6":2,"7":14,"8":10,"9":16,"10":1,"11":18,"12":18,"13":18,"14":18,"15":14,"16":4,"17":0,"18":18,"19":1,"20":1,"21":7,"22":7,"23":7,"24":1},"f":{"0":1,"1":16,"2":1,"3":18,"4":1,"5":7},"b":{"0":[2,14],"1":[10,4],"2":[14,4],"3":[0,4]},"_coverageSchema":"1a1c01bbd47fc00a2c39e90264f33305004495a9","hash":"653b5989471ff399d84716d987d216f9230470b1"}
}
