TN:
SF:client/components/App.jsx
FN:22,(anonymous_0)
FN:34,(anonymous_1)
FN:37,(anonymous_2)
FN:48,(anonymous_3)
FN:51,(anonymous_4)
FN:57,(anonymous_5)
FN:62,(anonymous_6)
FN:72,(anonymous_7)
FNF:8
FNH:3
FNDA:1,(anonymous_0)
FNDA:1,(anonymous_1)
FNDA:0,(anonymous_2)
FNDA:0,(anonymous_3)
FNDA:0,(anonymous_4)
FNDA:0,(anonymous_5)
FNDA:0,(anonymous_6)
FNDA:1,(anonymous_7)
DA:11,1
DA:23,1
DA:25,1
DA:30,1
DA:31,1
DA:36,1
DA:38,0
DA:42,0
DA:48,0
DA:52,0
DA:58,0
DA:59,0
DA:61,0
DA:62,0
DA:63,0
DA:65,0
DA:67,0
DA:74,1
DA:75,0
DA:83,1
LF:20
LH:8
BRDA:38,0,0,0
BRDA:38,0,1,0
BRDA:61,1,0,0
BRDA:61,1,1,0
BRDA:61,2,0,0
BRDA:61,2,1,0
BRDA:74,3,0,0
BRDA:74,3,1,1
BRDA:74,4,0,1
BRDA:74,4,1,1
BRF:10
BRH:3
end_of_record
TN:
SF:client/components/Review.jsx
FN:73,(anonymous_0)
FN:84,(anonymous_1)
FN:89,(anonymous_2)
FN:102,(anonymous_3)
FN:110,(anonymous_4)
FNF:5
FNH:4
FNDA:1,(anonymous_0)
FNDA:1,(anonymous_1)
FNDA:2,(anonymous_2)
FNDA:0,(anonymous_3)
FNDA:2,(anonymous_4)
DA:6,2
DA:12,2
DA:19,2
DA:23,2
DA:29,2
DA:58,2
DA:63,2
DA:67,2
DA:74,1
DA:76,1
DA:80,1
DA:81,1
DA:85,1
DA:86,1
DA:90,2
DA:91,2
DA:92,2
DA:93,6
DA:95,2
DA:96,4
DA:99,2
DA:103,0
DA:104,0
DA:105,0
DA:111,2
DA:112,2
DA:113,2
DA:114,2
LF:28
LH:25
BRF:0
BRH:0
end_of_record
TN:
SF:client/components/ReviewHead.jsx
FN:113,(anonymous_0)
FN:125,(anonymous_1)
FN:129,(anonymous_2)
FN:137,(anonymous_3)
FN:154,(anonymous_4)
FN:160,(anonymous_5)
FN:185,(anonymous_6)
FNF:7
FNH:0
FNDA:0,(anonymous_0)
FNDA:0,(anonymous_1)
FNDA:0,(anonymous_2)
FNDA:0,(anonymous_3)
FNDA:0,(anonymous_4)
FNDA:0,(anonymous_5)
FNDA:0,(anonymous_6)
DA:7,1
DA:12,1
DA:19,1
DA:30,1
DA:35,1
DA:65,1
DA:69,1
DA:73,1
DA:77,1
DA:82,1
DA:86,1
DA:96,1
DA:107,1
DA:114,0
DA:116,0
DA:120,0
DA:121,0
DA:122,0
DA:126,0
DA:127,0
DA:128,0
DA:129,0
DA:130,0
DA:131,0
DA:134,0
DA:138,0
DA:139,0
DA:140,0
DA:141,0
DA:143,0
DA:144,0
DA:146,0
DA:147,0
DA:148,0
DA:151,0
DA:155,0
DA:156,0
DA:157,0
DA:161,0
DA:162,0
DA:163,0
DA:164,0
DA:175,0
DA:186,0
DA:187,0
LF:45
LH:13
BRDA:128,0,0,0
BRDA:128,0,1,0
BRDA:143,1,0,0
BRDA:143,1,1,0
BRDA:163,2,0,0
BRDA:163,2,1,0
BRF:6
BRH:0
end_of_record
TN:
SF:client/components/ReviewList.jsx
FN:15,(anonymous_0)
FN:21,(anonymous_1)
FN:31,(anonymous_2)
FN:51,(anonymous_3)
FN:67,(anonymous_4)
FN:74,(anonymous_5)
FNF:6
FNH:0
FNDA:0,(anonymous_0)
FNDA:0,(anonymous_1)
FNDA:0,(anonymous_2)
FNDA:0,(anonymous_3)
FNDA:0,(anonymous_4)
FNDA:0,(anonymous_5)
DA:9,1
DA:16,0
DA:17,0
DA:18,0
DA:22,0
DA:23,0
DA:24,0
DA:25,0
DA:30,0
DA:32,0
DA:33,0
DA:40,0
DA:53,0
DA:54,0
DA:55,0
DA:56,0
DA:57,0
DA:58,0
DA:60,0
DA:61,0
DA:62,0
DA:63,0
DA:68,0
DA:69,0
DA:75,0
DA:90,0
LF:26
LH:1
BRDA:32,0,0,0
BRDA:32,0,1,0
BRDA:54,1,0,0
BRDA:54,1,1,0
BRDA:54,2,0,0
BRDA:54,2,1,0
BRDA:57,3,0,0
BRDA:57,3,1,0
BRDA:57,4,0,0
BRDA:57,4,1,0
BRDA:61,5,0,0
BRDA:61,5,1,0
BRDA:61,6,0,0
BRDA:61,6,1,0
BRDA:94,7,0,0
BRDA:94,7,1,0
BRF:16
BRH:0
end_of_record
TN:
SF:client/components/SortDropDown.jsx
FN:42,(anonymous_0)
FN:46,(anonymous_1)
FN:51,(anonymous_2)
FN:52,(anonymous_3)
FN:53,(anonymous_4)
FNF:5
FNH:0
FNDA:0,(anonymous_0)
FNDA:0,(anonymous_1)
FNDA:0,(anonymous_2)
FNDA:0,(anonymous_3)
FNDA:0,(anonymous_4)
DA:5,1
DA:16,1
DA:25,1
DA:30,1
DA:35,1
DA:43,0
DA:47,0
DA:48,0
DA:51,0
DA:52,0
DA:53,0
LF:11
LH:5
BRF:0
BRH:0
end_of_record
TN:
SF:client/components/ReactSlick/Arrows.jsx
FN:10,SampleNextArrow
FN:23,SamplePrevArrow
FNF:2
FNH:0
FNDA:0,SampleNextArrow
FNDA:0,SamplePrevArrow
DA:6,1
DA:11,0
DA:12,0
DA:24,0
DA:25,0
LF:5
LH:1
BRF:0
BRH:0
end_of_record
TN:
SF:tests/helpers.js
FN:4,(anonymous_0)
FN:5,(anonymous_1)
FN:6,(anonymous_2)
FNF:3
FNH:2
FNDA:1,(anonymous_0)
FNDA:0,(anonymous_1)
FNDA:1,(anonymous_2)
DA:1,1
DA:3,1
DA:4,1
DA:5,0
DA:6,1
DA:9,1
LF:6
LH:5
BRF:0
BRH:0
end_of_record
TN:
SF:util/sortFunctions.js
FN:7,(anonymous_0)
FN:8,compare
FN:22,(anonymous_2)
FN:23,compare
FN:37,(anonymous_4)
FN:38,(anonymous_5)
FNF:6
FNH:6
FNDA:1,(anonymous_0)
FNDA:16,compare
FNDA:1,(anonymous_2)
FNDA:18,compare
FNDA:1,(anonymous_4)
FNDA:7,(anonymous_5)
DA:3,2
DA:5,2
DA:9,16
DA:10,16
DA:11,16
DA:12,16
DA:13,2
DA:14,14
DA:15,10
DA:17,16
DA:19,1
DA:24,18
DA:25,18
DA:26,18
DA:27,18
DA:28,14
DA:29,4
DA:30,0
DA:32,18
DA:34,1
DA:38,1
DA:39,7
DA:40,7
DA:41,7
DA:43,1
LF:25
LH:24
BRDA:12,0,0,2
BRDA:12,0,1,14
BRDA:14,1,0,10
BRDA:14,1,1,4
BRDA:27,2,0,14
BRDA:27,2,1,4
BRDA:29,3,0,0
BRDA:29,3,1,4
BRF:8
BRH:7
end_of_record
